<?xml version="1.0" encoding="UTF-8"?>
<testsuite xmlns:xsi="http://www.w3.org/2001/XMLSchema-instance" xsi:noNamespaceSchemaLocation="https://maven.apache.org/surefire/maven-surefire-plugin/xsd/surefire-test-report.xsd" name="TestSuite" time="241.75" tests="9" errors="0" skipped="0" failures="2">
  <properties>
[...]
</properties>
  <testcase name="nonRegisteredUserShouldNotBeAbleToReferAProductToAFriend" classname="WebTest.TestSuit" time="10.62"/>
  <testcase name="registeredUserShouldBeAbleToReferAProductTOAFriend" classname="WebTest.TestSuit" time="39.344">
    <failure message="no such element: Unable to locate element: {&quot;method&quot;:&quot;xpath&quot;,&quot;selector&quot;:&quot;//div[@class=&apos;result&apos;]&quot;}&#10;  (Session info: chrome=80.0.3987.149)&#10;For documentation on this error, please visit: https://www.seleniumhq.org/exceptions/no_such_element.html&#10;Build info: version: &apos;3.141.59&apos;, revision: &apos;e82be7d358&apos;, time: &apos;2018-11-14T08:17:03&apos;&#10;System info: host: &apos;DESKTOP-DLF0C8J&apos;, ip: &apos;192.168.0.72&apos;, os.name: &apos;Windows 10&apos;, os.arch: &apos;amd64&apos;, os.version: &apos;10.0&apos;, java.version: &apos;1.8.0_221&apos;&#10;Driver info: org.openqa.selenium.chrome.ChromeDriver&#10;Capabilities {acceptInsecureCerts: false, browserName: chrome, browserVersion: 80.0.3987.149, chrome: {chromedriverVersion: 79.0.3945.36 (3582db32b3389..., userDataDir: C:\Users\Toshiba\AppData\Lo...}, goog:chromeOptions: {debuggerAddress: localhost:64766}, javascriptEnabled: true, networkConnectionEnabled: false, pageLoadStrategy: normal, platform: WINDOWS, platformName: WINDOWS, proxy: Proxy(), setWindowRect: true, strictFileInteractability: false, timeouts: {implicit: 0, pageLoad: 300000, script: 30000}, unhandledPromptBehavior: dismiss and notify}&#10;Session ID: 2af6f4a888eaaa5532d9a0d924e1710a&#10;*** Element info: {Using=xpath, value=//div[@class=&apos;result&apos;]}" type="org.openqa.selenium.NoSuchElementException">org.openqa.selenium.NoSuchElementException: 
no such element: Unable to locate element: {"method":"xpath","selector":"//div[@class='result']"}
  (Session info: chrome=80.0.3987.149)
For documentation on this error, please visit: https://www.seleniumhq.org/exceptions/no_such_element.html
Build info: version: '3.141.59', revision: 'e82be7d358', time: '2018-11-14T08:17:03'
System info: host: 'DESKTOP-DLF0C8J', ip: '192.168.0.72', os.name: 'Windows 10', os.arch: 'amd64', os.version: '10.0', java.version: '1.8.0_221'
Driver info: org.openqa.selenium.chrome.ChromeDriver
Capabilities {acceptInsecureCerts: false, browserName: chrome, browserVersion: 80.0.3987.149, chrome: {chromedriverVersion: 79.0.3945.36 (3582db32b3389..., userDataDir: C:\Users\Toshiba\AppData\Lo...}, goog:chromeOptions: {debuggerAddress: localhost:64766}, javascriptEnabled: true, networkConnectionEnabled: false, pageLoadStrategy: normal, platform: WINDOWS, platformName: WINDOWS, proxy: Proxy(), setWindowRect: true, strictFileInteractability: false, timeouts: {implicit: 0, pageLoad: 300000, script: 30000}, unhandledPromptBehavior: dismiss and notify}
Session ID: 2af6f4a888eaaa5532d9a0d924e1710a
*** Element info: {Using=xpath, value=//div[@class='result']}
	at WebTest.TestSuit.registeredUserShouldBeAbleToReferAProductTOAFriend(TestSuit.java:150)
</failure>
    <system-out><![CDATA[Sauce check
cklciked continue
]]></system-out>
    <system-err><![CDATA[Starting ChromeDriver 79.0.3945.36 (3582db32b33893869b8c1339e8f4d9ed1816f143-refs/branch-heads/3945@{#614}) on port 46955
Only local connections are allowed.
Please protect ports used by ChromeDriver and related test frameworks to prevent access by malicious code.
[1584568342.045][WARNING]: This version of ChromeDriver has not been tested with Chrome version 80.
[1584568344.067][WARNING]: Timed out connecting to Chrome, retrying...
Mar 18, 2020 9:52:26 PM org.openqa.selenium.remote.ProtocolHandshake createSession
INFO: Detected dialect: W3C
[1584568348.142][WARNING]: Timed out connecting to Chrome, retrying...
]]></system-err>
  </testcase>
  <testcase name="userShouldAbleToRegisterSuccessfully" classname="WebTest.TestSuit" time="11.593"/>
  <testcase name="userShouldBeAbleToCompareTwoDifferentProductSuccessfully" classname="WebTest.TestSuit" time="0.786">
    <failure message="expected [true] but found [false]" type="java.lang.AssertionError">java.lang.AssertionError: expected [true] but found [false]
	at WebTest.TestSuit.userShouldBeAbleToCompareTwoDifferentProductSuccessfully(TestSuit.java:122)
</failure>
    <system-out><![CDATA[Sauce check
]]></system-out>
    <system-err><![CDATA[Starting ChromeDriver 79.0.3945.36 (3582db32b33893869b8c1339e8f4d9ed1816f143-refs/branch-heads/3945@{#614}) on port 2549
Only local connections are allowed.
Please protect ports used by ChromeDriver and related test frameworks to prevent access by malicious code.
[1584568417.389][WARNING]: This version of ChromeDriver has not been tested with Chrome version 80.
[1584568419.404][WARNING]: Timed out connecting to Chrome, retrying...
Mar 18, 2020 9:53:41 PM org.openqa.selenium.remote.ProtocolHandshake createSession
INFO: Detected dialect: W3C
[1584568423.486][WARNING]: Timed out connecting to Chrome, retrying...
]]></system-err>
  </testcase>
  <testcase name="userShouldBeAbleToSortProductHighToLowByPrice" classname="WebTest.TestSuit" time="12.318"/>
  <testcase name="verifyAddToCArtButtonIsPresentOnAllFeatureProduct" classname="WebTest.TestSuit" time="0.125"/>
  <testcase name="verifyGuestUserShouldAbleToAddNewCommentInNobCommerce" classname="WebTest.TestSuit" time="5.107"/>
  <testcase name="verifyGuestUserShouldAbleToCheckOutSuccessfully" classname="WebTest.TestSuit" time="18.041"/>
  <testcase name="verifyUserShouldAbleToChangeCurrency" classname="WebTest.TestSuit" time="2.147"/>
</testsuite>